  Alien.cpp
  Ammunation_icon.cpp
  Audio.cpp
  Bullet.cpp
  Crawler.cpp
  DeathScreen.cpp
C:\Users\Nikos\Desktop\εργασία\3130003-3190275\Stage1\DeathScreen.cpp(9,61): warning C4129: 'D': unrecognized character escape sequence
  Door.cpp
  Drawable.cpp
  Guardian.cpp
  Gun_logo.cpp
  Health_icon.cpp
  ImageComponent.cpp
  InteractiveObject.cpp
  main.cpp
  MainScreen.cpp
  PauseScreen.cpp
  Pickup.cpp
  PlayScreen.cpp
  Prisoner.cpp
  Ripley.cpp
  Generating Code...
  Compiling...
  Screen.cpp
  SettingsScreen.cpp
  TextComponent.cpp
  Upright.cpp
  VictoryScreen.cpp
  World.cpp
  WorldBoundaries.cpp
  Generating Code...
sggd.lib(graphics.obj) : warning LNK4099: PDB '' was not found with 'sggd.lib(graphics.obj)' or at ''; linking object as if no debug info
sggd.lib(GLbackend.obj) : warning LNK4099: PDB '' was not found with 'sggd.lib(GLbackend.obj)' or at ''; linking object as if no debug info
sggd.lib(shader.obj) : warning LNK4099: PDB '' was not found with 'sggd.lib(shader.obj)' or at ''; linking object as if no debug info
sggd.lib(fonts.obj) : warning LNK4099: PDB '' was not found with 'sggd.lib(fonts.obj)' or at ''; linking object as if no debug info
sggd.lib(texture.obj) : warning LNK4099: PDB '' was not found with 'sggd.lib(texture.obj)' or at ''; linking object as if no debug info
sggd.lib(AudioManager.obj) : warning LNK4099: PDB '' was not found with 'sggd.lib(AudioManager.obj)' or at ''; linking object as if no debug info
sggd.lib(lodepng.obj) : warning LNK4099: PDB '' was not found with 'sggd.lib(lodepng.obj)' or at ''; linking object as if no debug info
  Stage1.vcxproj -> C:\Users\Nikos\Desktop\εργασία\3130003-3190275\bin\Stage1d.exe
